{"numFailedTestSuites":1,"numFailedTests":1,"numPassedTestSuites":3,"numPassedTests":8,"numPendingTestSuites":0,"numPendingTests":1,"numRuntimeErrorTestSuites":0,"numTodoTests":0,"numTotalTestSuites":4,"numTotalTests":10,"openHandles":[],"snapshot":{"added":0,"didUpdate":false,"failure":false,"filesAdded":0,"filesRemoved":0,"filesRemovedList":[],"filesUnmatched":0,"filesUpdated":0,"matched":0,"total":0,"unchecked":0,"uncheckedKeysByFile":[],"unmatched":0,"updated":0},"startTime":1624700397904,"success":false,"testResults":[{"assertionResults":[{"ancestorTitles":["GraphQL Utils toGql"],"failureMessages":[],"fullName":"GraphQL Utils toGql should handle single string prop","location":null,"status":"passed","title":"should handle single string prop"},{"ancestorTitles":["GraphQL Utils toGql"],"failureMessages":[],"fullName":"GraphQL Utils toGql should handle single number prop","location":null,"status":"passed","title":"should handle single number prop"},{"ancestorTitles":["GraphQL Utils toGql"],"failureMessages":[],"fullName":"GraphQL Utils toGql should handle single direction prop","location":null,"status":"passed","title":"should handle single direction prop"},{"ancestorTitles":["GraphQL Utils toGql"],"failureMessages":[],"fullName":"GraphQL Utils toGql should handle single variable prop","location":null,"status":"passed","title":"should handle single variable prop"},{"ancestorTitles":["GraphQL Utils toGql"],"failureMessages":[],"fullName":"GraphQL Utils toGql should handle single array prop with single object","location":null,"status":"passed","title":"should handle single array prop with single object"},{"ancestorTitles":["GraphQL Utils toGql"],"failureMessages":[],"fullName":"GraphQL Utils toGql should handle single array prop with multiple objects","location":null,"status":"passed","title":"should handle single array prop with multiple objects"}],"endTime":1624700411105,"message":"","name":"E:\\Work\\TheSeam\\git\\TheSeam.Ui.Common\\projects\\ui-common\\graphql\\utils\\to-gql.spec.ts","startTime":1624700400585,"status":"passed","summary":""},{"assertionResults":[{"ancestorTitles":["GraphQL Utils containsVariable"],"failureMessages":[],"fullName":"GraphQL Utils containsVariable should determine if variable exists","location":null,"status":"passed","title":"should determine if variable exists"}],"endTime":1624700411169,"message":"","name":"E:\\Work\\TheSeam\\git\\TheSeam.Ui.Common\\projects\\ui-common\\graphql\\utils\\contains-variable.spec.ts","startTime":1624700400636,"status":"passed","summary":""},{"assertionResults":[{"ancestorTitles":["GraphQL Utils parseHints"],"failureMessages":[],"fullName":"GraphQL Utils parseHints should return hint tokens","location":null,"status":"passed","title":"should return hint tokens"}],"endTime":1624700411430,"message":"","name":"E:\\Work\\TheSeam\\git\\TheSeam.Ui.Common\\projects\\ui-common\\graphql\\utils\\parse-hints.spec.ts","startTime":1624700400512,"status":"passed","summary":""},{"assertionResults":[{"ancestorTitles":["GraphQL apollo-links queryProcessingLink","Hint \"remove-not-defined\""],"failureMessages":[],"fullName":"GraphQL apollo-links queryProcessingLink Hint \"remove-not-defined\" should work on OperationDefinition node","location":null,"status":"pending","title":"should work on OperationDefinition node"},{"ancestorTitles":["GraphQL apollo-links queryProcessingLink","Hint \"inline-variable\""],"failureMessages":["TypeError: Cannot convert undefined or null to object\n    at Function.keys (<anonymous>)\n    at Object.toGQL (E:\\Work\\TheSeam\\git\\TheSeam.Ui.Common\\projects\\ui-common\\graphql\\utils\\to-gql.ts:11:34)\n    at ApolloLink.request (E:\\Work\\TheSeam\\git\\TheSeam.Ui.Common\\projects\\ui-common\\graphql\\apollo-links\\query-processing-link.ts:74:53)\n    at ApolloLink.request (E:\\Work\\TheSeam\\git\\TheSeam.Ui.Common\\node_modules\\@apollo\\client\\link\\core\\ApolloLink.js:66:34)\n    at Function.Object.<anonymous>.ApolloLink.execute (E:\\Work\\TheSeam\\git\\TheSeam.Ui.Common\\node_modules\\@apollo\\client\\link\\core\\ApolloLink.js:55:22)\n    at testHintTransform (E:\\Work\\TheSeam\\git\\TheSeam.Ui.Common\\projects\\ui-common\\graphql\\apollo-links\\query-processing-link.spec.ts:58:14)\n    at E:\\Work\\TheSeam\\git\\TheSeam.Ui.Common\\projects\\ui-common\\graphql\\apollo-links\\query-processing-link.spec.ts:104:7\n    at ZoneDelegate.Object.<anonymous>.ZoneDelegate.invoke (E:\\Work\\TheSeam\\git\\TheSeam.Ui.Common\\node_modules\\zone.js\\bundles\\zone-testing-bundle.umd.js:407:30)\n    at ProxyZoneSpec.Object.<anonymous>.ProxyZoneSpec.onInvoke (E:\\Work\\TheSeam\\git\\TheSeam.Ui.Common\\node_modules\\zone.js\\bundles\\zone-testing-bundle.umd.js:3765:43)\n    at ZoneDelegate.Object.<anonymous>.ZoneDelegate.invoke (E:\\Work\\TheSeam\\git\\TheSeam.Ui.Common\\node_modules\\zone.js\\bundles\\zone-testing-bundle.umd.js:406:56)\n    at Zone.Object.<anonymous>.Zone.run (E:\\Work\\TheSeam\\git\\TheSeam.Ui.Common\\node_modules\\zone.js\\bundles\\zone-testing-bundle.umd.js:167:47)\n    at Object.wrappedFunc (E:\\Work\\TheSeam\\git\\TheSeam.Ui.Common\\node_modules\\zone.js\\bundles\\zone-testing-bundle.umd.js:4250:34)\n    at Promise.then.completed (E:\\Work\\TheSeam\\git\\TheSeam.Ui.Common\\node_modules\\jest-circus\\build\\utils.js:390:28)\n    at new Promise (<anonymous>)\n    at callAsyncCircusFn (E:\\Work\\TheSeam\\git\\TheSeam.Ui.Common\\node_modules\\jest-circus\\build\\utils.js:315:10)\n    at _callCircusTest (E:\\Work\\TheSeam\\git\\TheSeam.Ui.Common\\node_modules\\jest-circus\\build\\run.js:218:40)\n    at processTicksAndRejections (internal/process/task_queues.js:97:5)\n    at _runTest (E:\\Work\\TheSeam\\git\\TheSeam.Ui.Common\\node_modules\\jest-circus\\build\\run.js:155:3)\n    at _runTestsForDescribeBlock (E:\\Work\\TheSeam\\git\\TheSeam.Ui.Common\\node_modules\\jest-circus\\build\\run.js:66:9)\n    at _runTestsForDescribeBlock (E:\\Work\\TheSeam\\git\\TheSeam.Ui.Common\\node_modules\\jest-circus\\build\\run.js:60:9)\n    at _runTestsForDescribeBlock (E:\\Work\\TheSeam\\git\\TheSeam.Ui.Common\\node_modules\\jest-circus\\build\\run.js:60:9)\n    at run (E:\\Work\\TheSeam\\git\\TheSeam.Ui.Common\\node_modules\\jest-circus\\build\\run.js:25:3)\n    at runAndTransformResultsToJestFormat (E:\\Work\\TheSeam\\git\\TheSeam.Ui.Common\\node_modules\\jest-circus\\build\\legacy-code-todo-rewrite\\jestAdapterInit.js:166:21)"],"fullName":"GraphQL apollo-links queryProcessingLink Hint \"inline-variable\" should work on VariableDefinition node","location":null,"status":"failed","title":"should work on VariableDefinition node"}],"endTime":1624700414763,"message":"\u001b[1m\u001b[31m  \u001b[1m● \u001b[22m\u001b[1mGraphQL apollo-links queryProcessingLink › Hint \"inline-variable\" › should work on VariableDefinition node\u001b[39m\u001b[22m\n\n    TypeError: Cannot convert undefined or null to object\n        at Function.keys (<anonymous>)\n\u001b[2m\u001b[22m\n\u001b[2m    \u001b[0m \u001b[90m  9 |\u001b[39m \u001b[90m// expected for GraphQL.\u001b[39m\u001b[0m\u001b[22m\n\u001b[2m    \u001b[0m \u001b[90m 10 |\u001b[39m \u001b[36mexport\u001b[39m \u001b[36mfunction\u001b[39m toGQL(json\u001b[33m:\u001b[39m any)\u001b[33m:\u001b[39m string {\u001b[0m\u001b[22m\n\u001b[2m    \u001b[0m\u001b[31m\u001b[1m>\u001b[22m\u001b[2m\u001b[39m\u001b[90m 11 |\u001b[39m   \u001b[36mconst\u001b[39m props\u001b[33m:\u001b[39m string[] \u001b[33m=\u001b[39m \u001b[33mObject\u001b[39m\u001b[33m.\u001b[39mkeys(json)\u001b[33m.\u001b[39mmap(prop \u001b[33m=>\u001b[39m {\u001b[0m\u001b[22m\n\u001b[2m    \u001b[0m \u001b[90m    |\u001b[39m                                  \u001b[31m\u001b[1m^\u001b[22m\u001b[2m\u001b[39m\u001b[0m\u001b[22m\n\u001b[2m    \u001b[0m \u001b[90m 12 |\u001b[39m     \u001b[36mconst\u001b[39m value \u001b[33m=\u001b[39m json[prop]\u001b[0m\u001b[22m\n\u001b[2m    \u001b[0m \u001b[90m 13 |\u001b[39m     \u001b[36mlet\u001b[39m resultValue\u001b[33m:\u001b[39m string \u001b[33m|\u001b[39m undefined\u001b[0m\u001b[22m\n\u001b[2m    \u001b[0m \u001b[90m 14 |\u001b[39m     \u001b[36mif\u001b[39m (\u001b[36mtypeof\u001b[39m value \u001b[33m===\u001b[39m \u001b[32m'string'\u001b[39m) {\u001b[0m\u001b[22m\n\u001b[2m\u001b[22m\n\u001b[2m      \u001b[2mat Object.toGQL (\u001b[22m\u001b[2mgraphql/utils/to-gql.ts\u001b[2m:11:34)\u001b[22m\u001b[2m\u001b[22m\n\u001b[2m      \u001b[2mat ApolloLink.request (\u001b[22m\u001b[2mgraphql/apollo-links/query-processing-link.ts\u001b[2m:74:53)\u001b[22m\u001b[2m\u001b[22m\n\u001b[2m      \u001b[2mat ApolloLink.request (\u001b[22m\u001b[2m../../node_modules/@apollo/client/link/core/ApolloLink.js\u001b[2m:66:34)\u001b[22m\u001b[2m\u001b[22m\n\u001b[2m      \u001b[2mat Function.Object.<anonymous>.ApolloLink.execute (\u001b[22m\u001b[2m../../node_modules/@apollo/client/link/core/ApolloLink.js\u001b[2m:55:22)\u001b[22m\u001b[2m\u001b[22m\n\u001b[2m      \u001b[2mat testHintTransform (\u001b[22m\u001b[2m\u001b[0m\u001b[36mgraphql/apollo-links/query-processing-link.spec.ts\u001b[39m\u001b[0m\u001b[2m:58:14)\u001b[22m\u001b[2m\u001b[22m\n\u001b[2m      \u001b[2mat \u001b[22m\u001b[2m\u001b[0m\u001b[36mgraphql/apollo-links/query-processing-link.spec.ts\u001b[39m\u001b[0m\u001b[2m:104:7\u001b[22m\u001b[2m\u001b[22m\n\u001b[2m      \u001b[2mat ZoneDelegate.Object.<anonymous>.ZoneDelegate.invoke (\u001b[22m\u001b[2m../../node_modules/zone.js/bundles/zone-testing-bundle.umd.js\u001b[2m:407:30)\u001b[22m\u001b[2m\u001b[22m\n\u001b[2m      \u001b[2mat ProxyZoneSpec.Object.<anonymous>.ProxyZoneSpec.onInvoke (\u001b[22m\u001b[2m../../node_modules/zone.js/bundles/zone-testing-bundle.umd.js\u001b[2m:3765:43)\u001b[22m\u001b[2m\u001b[22m\n\u001b[2m      \u001b[2mat ZoneDelegate.Object.<anonymous>.ZoneDelegate.invoke (\u001b[22m\u001b[2m../../node_modules/zone.js/bundles/zone-testing-bundle.umd.js\u001b[2m:406:56)\u001b[22m\u001b[2m\u001b[22m\n\u001b[2m      \u001b[2mat Zone.Object.<anonymous>.Zone.run (\u001b[22m\u001b[2m../../node_modules/zone.js/bundles/zone-testing-bundle.umd.js\u001b[2m:167:47)\u001b[22m\u001b[2m\u001b[22m\n\u001b[2m      \u001b[2mat Object.wrappedFunc (\u001b[22m\u001b[2m../../node_modules/zone.js/bundles/zone-testing-bundle.umd.js\u001b[2m:4250:34)\u001b[22m\u001b[2m\u001b[22m\n","name":"E:\\Work\\TheSeam\\git\\TheSeam.Ui.Common\\projects\\ui-common\\graphql\\apollo-links\\query-processing-link.spec.ts","startTime":1624700400514,"status":"failed","summary":""}],"wasInterrupted":false}