{"numFailedTestSuites":0,"numFailedTests":0,"numPassedTestSuites":5,"numPassedTests":11,"numPendingTestSuites":3,"numPendingTests":3,"numRuntimeErrorTestSuites":0,"numTodoTests":0,"numTotalTestSuites":8,"numTotalTests":14,"openHandles":[],"snapshot":{"added":0,"didUpdate":false,"failure":false,"filesAdded":0,"filesRemoved":0,"filesRemovedList":[],"filesUnmatched":0,"filesUpdated":0,"matched":0,"total":0,"unchecked":0,"uncheckedKeysByFile":[],"unmatched":0,"updated":0},"startTime":1626238554856,"success":true,"testResults":[{"assertionResults":[{"ancestorTitles":[],"failureMessages":[],"fullName":"Workaround","location":null,"status":"pending","title":"Workaround"}],"endTime":1626238570230,"message":"","name":"E:\\Work\\TheSeam\\git\\TheSeam.Ui.Common\\projects\\ui-common\\buttons\\badge-button\\badge-button.component.spec.ts","startTime":1626238557035,"status":"passed","summary":""},{"assertionResults":[{"ancestorTitles":[],"failureMessages":[],"fullName":"Workaround3","location":null,"status":"pending","title":"Workaround3"}],"endTime":1626238570359,"message":"","name":"E:\\Work\\TheSeam\\git\\TheSeam.Ui.Common\\projects\\ui-common\\buttons\\progress-circle-button\\progress-circle-button.component.spec.ts","startTime":1626238557057,"status":"passed","summary":""},{"assertionResults":[{"ancestorTitles":[],"failureMessages":[],"fullName":"Workaround2","location":null,"status":"pending","title":"Workaround2"}],"endTime":1626238570668,"message":"","name":"E:\\Work\\TheSeam\\git\\TheSeam.Ui.Common\\projects\\ui-common\\buttons\\toggle-button\\toggle-button.component.spec.ts","startTime":1626238557123,"status":"passed","summary":""},{"assertionResults":[{"ancestorTitles":["GraphQL Utils containsVariable"],"failureMessages":[],"fullName":"GraphQL Utils containsVariable should determine if variable exists","location":null,"status":"passed","title":"should determine if variable exists"}],"endTime":1626238570696,"message":"","name":"E:\\Work\\TheSeam\\git\\TheSeam.Ui.Common\\projects\\ui-common\\graphql\\utils\\contains-variable.spec.ts","startTime":1626238557119,"status":"passed","summary":""},{"assertionResults":[{"ancestorTitles":["GraphQL Utils parseHints"],"failureMessages":[],"fullName":"GraphQL Utils parseHints should return hint tokens","location":null,"status":"passed","title":"should return hint tokens"}],"endTime":1626238570922,"message":"","name":"E:\\Work\\TheSeam\\git\\TheSeam.Ui.Common\\projects\\ui-common\\graphql\\utils\\parse-hints.spec.ts","startTime":1626238557132,"status":"passed","summary":""},{"assertionResults":[{"ancestorTitles":["GraphQL apollo-links queryProcessingLink","Hint \"remove-not-defined\""],"failureMessages":[],"fullName":"GraphQL apollo-links queryProcessingLink Hint \"remove-not-defined\" should work on OperationDefinition node","location":null,"status":"passed","title":"should work on OperationDefinition node"}],"endTime":1626238570950,"message":"","name":"E:\\Work\\TheSeam\\git\\TheSeam.Ui.Common\\projects\\ui-common\\graphql\\apollo-links\\query-processing-link.spec.ts","startTime":1626238557163,"status":"passed","summary":""},{"assertionResults":[{"ancestorTitles":["GraphQL Utils toGql"],"failureMessages":[],"fullName":"GraphQL Utils toGql should handle single string prop","location":null,"status":"passed","title":"should handle single string prop"},{"ancestorTitles":["GraphQL Utils toGql"],"failureMessages":[],"fullName":"GraphQL Utils toGql should handle single number prop","location":null,"status":"passed","title":"should handle single number prop"},{"ancestorTitles":["GraphQL Utils toGql"],"failureMessages":[],"fullName":"GraphQL Utils toGql should handle single direction prop","location":null,"status":"passed","title":"should handle single direction prop"},{"ancestorTitles":["GraphQL Utils toGql"],"failureMessages":[],"fullName":"GraphQL Utils toGql should handle single variable prop","location":null,"status":"passed","title":"should handle single variable prop"},{"ancestorTitles":["GraphQL Utils toGql"],"failureMessages":[],"fullName":"GraphQL Utils toGql should handle single array prop with single object","location":null,"status":"passed","title":"should handle single array prop with single object"},{"ancestorTitles":["GraphQL Utils toGql"],"failureMessages":[],"fullName":"GraphQL Utils toGql should handle single array prop with multiple objects","location":null,"status":"passed","title":"should handle single array prop with multiple objects"}],"endTime":1626238570983,"message":"","name":"E:\\Work\\TheSeam\\git\\TheSeam.Ui.Common\\projects\\ui-common\\graphql\\utils\\to-gql.spec.ts","startTime":1626238570603,"status":"passed","summary":""},{"assertionResults":[{"ancestorTitles":["ButtonComponent"],"failureMessages":[],"fullName":"ButtonComponent should have \"button\" type by default","location":null,"status":"passed","title":"should have \"button\" type by default"},{"ancestorTitles":["ButtonComponent"],"failureMessages":[],"fullName":"ButtonComponent should set the theme class name according to the [theme] input","location":null,"status":"passed","title":"should set the theme class name according to the [theme] input"}],"endTime":1626238571238,"message":"","name":"E:\\Work\\TheSeam\\git\\TheSeam.Ui.Common\\projects\\ui-common\\buttons\\button\\button.component.spec.ts","startTime":1626238557035,"status":"passed","summary":""}],"wasInterrupted":false}